date: 2013-11-02 13:28:19.803
argv: f:\Blog-ZYJUN\node\node.exe c:\Users\Administrator\AppData\Roaming\npm\node_modules\hexo\bin\hexo server
os: Windows_NT 6.1.7601 win32 ia32
version:
  hexo: 2.3.0
  http_parser: 1.0
  node: 0.10.21
  v8: 3.14.5.9
  ares: 1.9.0-DEV
  uv: 0.10.18
  zlib: 1.2.3
  modules: 11
  openssl: 1.0.1e
---

[debug] 13:28:17.585 Configuration file load successfully
[debug] 13:28:17.588 Version info checked successfully
[debug] 13:28:17.589 Loading the database...
[error] 13:28:19.796 { rawMessage: 'Unable to parse.',
  parsedLine: 4,
  snippet: '关于：/about',
  parsedFile: null,
  message: 'Theme configuration load failed',
  name: 'HexoError',
  stack: undefined }